#
# There is insufficient memory for the Java Runtime Environment to continue.
# Native memory allocation (malloc) failed to allocate 2097152 bytes for AllocateHeap
# Possible reasons:
#   The system is out of physical RAM or swap space
#   The process is running with CompressedOops enabled, and the Java Heap may be blocking the growth of the native heap
# Possible solutions:
#   Reduce memory load on the system
#   Increase physical memory or swap space
#   Check if swap backing store is full
#   Decrease Java heap size (-Xmx/-Xms)
#   Decrease number of Java threads
#   Decrease Java thread stack sizes (-Xss)
#   Set larger code cache with -XX:ReservedCodeCacheSize=
#   JVM is running with Unscaled Compressed Oops mode in which the Java heap is
#     placed in the first 4GB address space. The Java Heap base address is the
#     maximum limit for the native heap growth. Please use -XX:HeapBaseMinAddress
#     to set the Java Heap base and to place the Java Heap above 4GB virtual address.
# This output file may be truncated or incomplete.
#
#  Out of Memory Error (allocation.cpp:44), pid=16728, tid=16144
#
# JRE version: OpenJDK Runtime Environment Temurin-17.0.10+7 (17.0.10+7) (build 17.0.10+7)
# Java VM: OpenJDK 64-Bit Server VM Temurin-17.0.10+7 (17.0.10+7, mixed mode, emulated-client, tiered, compressed oops, compressed class ptrs, g1 gc, windows-amd64)
# No core dump will be written. Minidumps are not enabled by default on client versions of Windows
#

---------------  S U M M A R Y ------------

Command Line: -XX:+HeapDumpOnOutOfMemoryError -Xmx1024m -Dsts.lsp.client=vscode -Dsts.log.file=/dev/null -XX:TieredStopAtLevel=1 -Xlog:jni+resolve=off -Dspring.config.location=file:c:\Users\tojaman\.vscode\extensions\vmware.vscode-spring-boot-1.53.0\language-server\BOOT-INF\classes\application.properties org.springframework.ide.vscode.boot.app.BootLanguageServerBootApp

Host: AMD Ryzen 3 3300X 4-Core Processor             , 8 cores, 15G,  Windows 11 , 64 bit Build 22621 (10.0.22621.3235)
Time: Tue Mar 19 14:24:20 2024  Windows 11 , 64 bit Build 22621 (10.0.22621.3235) elapsed time: 887.486230 seconds (0d 0h 14m 47s)

---------------  T H R E A D  ---------------

Current thread (0x00000210dd01ca00):  VMThread "VM Thread" [stack: 0x000000470a600000,0x000000470a700000] [id=16144]

Stack: [0x000000470a600000,0x000000470a700000]
Native frames: (J=compiled Java code, j=interpreted, Vv=VM code, C=native code)
V  [jvm.dll+0x67d2c9]
V  [jvm.dll+0x834afa]
V  [jvm.dll+0x8365be]
V  [jvm.dll+0x836c23]
V  [jvm.dll+0x2477ff]
V  [jvm.dll+0xa6c93]
V  [jvm.dll+0x2f86f1]
V  [jvm.dll+0x2f42e0]
V  [jvm.dll+0x2dc8c7]
V  [jvm.dll+0x31fb87]
V  [jvm.dll+0x83b11b]
V  [jvm.dll+0x83be61]
V  [jvm.dll+0x83c37d]
V  [jvm.dll+0x83c754]
V  [jvm.dll+0x83c820]
V  [jvm.dll+0x7e3fba]
V  [jvm.dll+0x67c1b5]
C  [ucrtbase.dll+0x29363]
C  [KERNEL32.DLL+0x1257d]
C  [ntdll.dll+0x5aa58]

VM_Operation (0x000000470befeaf0): G1CollectFull, mode: safepoint, requested by thread 0x00000210ddb83690


---------------  P R O C E S S  ---------------

Threads class SMR info:
_java_thread_list=0x00000210de33c230, length=19, elements={
0x00000210d8ff72c0, 0x00000210dd006f90, 0x00000210dd085230, 0x00000210dd085b00,
0x00000210dd08a8f0, 0x00000210dd08b960, 0x00000210dd090aa0, 0x00000210dd09e110,
0x00000210dd299a80, 0x00000210dd2a1800, 0x00000210de269b70, 0x00000210ddb83690,
0x00000210ddaee830, 0x00000210ce1ea7e0, 0x00000210ddad6800, 0x00000210dea2d0a0,
0x00000210dea42a10, 0x00000210dea42f20, 0x00000210dea43430
}

Java Threads: ( => current thread )
  0x00000210d8ff72c0 JavaThread "Reference Handler" daemon [_thread_blocked, id=17364, stack(0x000000470a700000,0x000000470a800000)]
  0x00000210dd006f90 JavaThread "Finalizer" daemon [_thread_blocked, id=20204, stack(0x000000470a800000,0x000000470a900000)]
  0x00000210dd085230 JavaThread "Signal Dispatcher" daemon [_thread_blocked, id=1264, stack(0x000000470a900000,0x000000470aa00000)]
  0x00000210dd085b00 JavaThread "Attach Listener" daemon [_thread_blocked, id=5336, stack(0x000000470aa00000,0x000000470ab00000)]
  0x00000210dd08a8f0 JavaThread "Service Thread" daemon [_thread_blocked, id=19108, stack(0x000000470ab00000,0x000000470ac00000)]
  0x00000210dd08b960 JavaThread "Monitor Deflation Thread" daemon [_thread_blocked, id=6348, stack(0x000000470ac00000,0x000000470ad00000)]
  0x00000210dd090aa0 JavaThread "C1 CompilerThread0" daemon [_thread_blocked, id=23472, stack(0x000000470ad00000,0x000000470ae00000)]
  0x00000210dd09e110 JavaThread "Sweeper thread" daemon [_thread_blocked, id=19416, stack(0x000000470ae00000,0x000000470af00000)]
  0x00000210dd299a80 JavaThread "Notification Thread" daemon [_thread_blocked, id=22848, stack(0x000000470af00000,0x000000470b000000)]
  0x00000210dd2a1800 JavaThread "Common-Cleaner" daemon [_thread_blocked, id=20372, stack(0x000000470b100000,0x000000470b200000)]
  0x00000210de269b70 JavaThread "boundedElastic-evictor-1" daemon [_thread_blocked, id=22844, stack(0x000000470b900000,0x000000470ba00000)]
  0x00000210ddb83690 JavaThread "pool-13-thread-1" [_thread_blocked, id=18488, stack(0x000000470be00000,0x000000470bf00000)]
  0x00000210ddaee830 JavaThread "LanguageServerApp-lifecycle" [_thread_blocked, id=22992, stack(0x000000470bf00000,0x000000470c000000)]
  0x00000210ce1ea7e0 JavaThread "DestroyJavaVM" [_thread_blocked, id=10460, stack(0x000000470a000000,0x000000470a100000)]
  0x00000210ddad6800 JavaThread "pool-14-thread-1" [_thread_in_native, id=10032, stack(0x000000470c000000,0x000000470c100000)]
  0x00000210dea2d0a0 JavaThread "Simple-Language-Server main thread" daemon [_thread_blocked, id=16908, stack(0x000000470c100000,0x000000470c200000)]
  0x00000210dea42a10 JavaThread "parallel-1" daemon [_thread_blocked, id=11096, stack(0x000000470c500000,0x000000470c600000)]
  0x00000210dea42f20 JavaThread "pool-6-thread-1" [_thread_blocked, id=5364, stack(0x000000470c600000,0x000000470c700000)]
  0x00000210dea43430 JavaThread "parallel-2" daemon [_thread_blocked, id=3528, stack(0x000000470c700000,0x000000470c800000)]

Other Threads:
=>0x00000210dd01ca00 VMThread "VM Thread" [stack: 0x000000470a600000,0x000000470a700000] [id=16144]
  0x00000210dd299f60 WatcherThread [stack: 0x000000470b000000,0x000000470b100000] [id=19236]
  0x00000210ce227990 GCTaskThread "GC Thread#0" [stack: 0x000000470a100000,0x000000470a200000] [id=1036]
  0x00000210dded4a40 GCTaskThread "GC Thread#1" [stack: 0x000000470b300000,0x000000470b400000] [id=752]
  0x00000210dded4d00 GCTaskThread "GC Thread#2" [stack: 0x000000470b400000,0x000000470b500000] [id=22652]
  0x00000210dded4fc0 GCTaskThread "GC Thread#3" [stack: 0x000000470b500000,0x000000470b600000] [id=1572]
  0x00000210dded5280 GCTaskThread "GC Thread#4" [stack: 0x000000470b600000,0x000000470b700000] [id=17224]
  0x00000210dded5540 GCTaskThread "GC Thread#5" [stack: 0x000000470b700000,0x000000470b800000] [id=17100]
  0x00000210de404ab0 GCTaskThread "GC Thread#6" [stack: 0x000000470bb00000,0x000000470bc00000] [id=10268]
  0x00000210de404d70 GCTaskThread "GC Thread#7" [stack: 0x000000470bc00000,0x000000470bd00000] [id=4512]
  0x00000210ce2307f0 ConcurrentGCThread "G1 Main Marker" [stack: 0x000000470a200000,0x000000470a300000] [id=16560]
  0x00000210ce231130 ConcurrentGCThread "G1 Conc#0" [stack: 0x000000470a300000,0x000000470a400000] [id=15928]
  0x00000210de387fc0 ConcurrentGCThread "G1 Conc#1" [stack: 0x000000470bd00000,0x000000470be00000] [id=23072]
  0x00000210ce28d9a0 ConcurrentGCThread "G1 Refine#0" [stack: 0x000000470a400000,0x000000470a500000] [id=5340]
  0x00000210ce28e2e0 ConcurrentGCThread "G1 Service" [stack: 0x000000470a500000,0x000000470a600000] [id=23140]

Threads with active compile tasks:

VM state: at safepoint (normal execution)

VM Mutex/Monitor currently owned by a thread:  ([mutex/lock_event])
[0x00000210cc003060] Threads_lock - owner thread: 0x00000210dd01ca00
[0x00000210cbffea90] Heap_lock - owner thread: 0x00000210ddb83690

Heap address: 0x00000000c0000000, size: 1024 MB, Compressed Oops mode: 32-bit

CDS archive(s) not mapped
Compressed class space mapped at: 0x0000000100000000-0x0000000140000000, reserved size: 1073741824
Narrow klass base: 0x0000000000000000, Narrow klass shift: 3, Narrow klass range: 0x140000000

GC Precious Log:
 CPUs: 8 total, 8 available
 Memory: 16334M
 Large Page Support: Disabled
 NUMA Support: Disabled
 Compressed Oops: Enabled (32-bit)
 Heap Region Size: 1M
 Heap Min Capacity: 8M
 Heap Initial Capacity: 256M
 Heap Max Capacity: 1G
 Pre-touch: Disabled
 Parallel Workers: 8
 Concurrent Workers: 2
 Concurrent Refinement Workers: 8
 Periodic GC: Disabled

Heap:
 garbage-first heap   total 78848K, used 26509K [0x00000000c0000000, 0x0000000100000000)
  region size 1024K, 1 young (1024K), 0 survivors (0K)
 Metaspace       used 47766K, committed 48448K, reserved 1114112K
  class space    used 6149K, committed 6400K, reserved 1048576K

Heap Regions: E=young(eden), S=young(survivor), O=old, HS=humongous(starts), HC=humongous(continues), CS=collection set, F=free, OA=open archive, CA=closed archive, TAMS=top-at-mark-start (previous, next)
|   0|0x00000000c0000000, 0x00000000c0100000, 0x00000000c0100000|100%|HS|  |TAMS 0x00000000c0100000, 0x00000000c0000000| Untracked 
|   1|0x00000000c0100000, 0x00000000c0200000, 0x00000000c0200000|100%|HC|  |TAMS 0x00000000c0200000, 0x00000000c0100000| Untracked 
|   2|0x00000000c0200000, 0x00000000c0300000, 0x00000000c0300000|100%|HC|  |TAMS 0x00000000c0300000, 0x00000000c0200000| Untracked 
|   3|0x00000000c0300000, 0x00000000c0400000, 0x00000000c0400000|100%|HC|  |TAMS 0x00000000c0400000, 0x00000000c0300000| Untracked 
|   4|0x00000000c0400000, 0x00000000c0500000, 0x00000000c0500000|100%|HS|  |TAMS 0x00000000c0500000, 0x00000000c0400000| Untracked 
|   5|0x00000000c0500000, 0x00000000c0600000, 0x00000000c0600000|100%|HC|  |TAMS 0x00000000c0600000, 0x00000000c0500000| Untracked 
|   6|0x00000000c0600000, 0x00000000c0700000, 0x00000000c0700000|100%| O|  |TAMS 0x00000000c0700000, 0x00000000c0600000| Untracked 
|   7|0x00000000c0700000, 0x00000000c07ff570, 0x00000000c0800000| 99%| O|  |TAMS 0x00000000c07ff570, 0x00000000c0700000| Untracked 
|   8|0x00000000c0800000, 0x00000000c0900000, 0x00000000c0900000|100%| O|  |TAMS 0x00000000c0900000, 0x00000000c0800000| Untracked 
|   9|0x00000000c0900000, 0x00000000c0a00000, 0x00000000c0a00000|100%| O|  |TAMS 0x00000000c0a00000, 0x00000000c0900000| Untracked 
|  10|0x00000000c0a00000, 0x00000000c0afffb0, 0x00000000c0b00000| 99%| O|  |TAMS 0x00000000c0afffb0, 0x00000000c0a00000| Untracked 
|  11|0x00000000c0b00000, 0x00000000c0c00000, 0x00000000c0c00000|100%| O|  |TAMS 0x00000000c0c00000, 0x00000000c0b00000| Untracked 
|  12|0x00000000c0c00000, 0x00000000c0cffff8, 0x00000000c0d00000| 99%| O|  |TAMS 0x00000000c0cffff8, 0x00000000c0c00000| Untracked 
|  13|0x00000000c0d00000, 0x00000000c0e00000, 0x00000000c0e00000|100%| O|  |TAMS 0x00000000c0e00000, 0x00000000c0d00000| Untracked 
|  14|0x00000000c0e00000, 0x00000000c0f00000, 0x00000000c0f00000|100%| O|  |TAMS 0x00000000c0f00000, 0x00000000c0e00000| Untracked 
|  15|0x00000000c0f00000, 0x00000000c1000000, 0x00000000c1000000|100%| O|  |TAMS 0x00000000c1000000, 0x00000000c0f00000| Untracked 
|  16|0x00000000c1000000, 0x00000000c1100000, 0x00000000c1100000|100%| O|  |TAMS 0x00000000c1100000, 0x00000000c1000000| Untracked 
|  17|0x00000000c1100000, 0x00000000c11ffff0, 0x00000000c1200000| 99%| O|  |TAMS 0x00000000c11ffff0, 0x00000000c1100000| Untracked 
|  18|0x00000000c1200000, 0x00000000c12fff48, 0x00000000c1300000| 99%| O|  |TAMS 0x00000000c12fff48, 0x00000000c1200000| Untracked 
|  19|0x00000000c1300000, 0x00000000c13ffff8, 0x00000000c1400000| 99%| O|  |TAMS 0x00000000c13ffff8, 0x00000000c1300000| Untracked 
|  20|0x00000000c1400000, 0x00000000c14ffff0, 0x00000000c1500000| 99%| O|  |TAMS 0x00000000c14ffff0, 0x00000000c1400000| Untracked 
|  21|0x00000000c1500000, 0x00000000c15fffe0, 0x00000000c1600000| 99%| O|  |TAMS 0x00000000c15fffe0, 0x00000000c1500000| Untracked 
|  22|0x00000000c1600000, 0x00000000c16fff98, 0x00000000c1700000| 99%| O|  |TAMS 0x00000000c16fff98, 0x00000000c1600000| Untracked 
|  23|0x00000000c1700000, 0x00000000c17b1e40, 0x00000000c1800000| 69%| O|  |TAMS 0x00000000c1700000, 0x00000000c1700000| Untracked 
|  24|0x00000000c1800000, 0x00000000c18ffc30, 0x00000000c1900000| 99%| O|  |TAMS 0x00000000c18ffc30, 0x00000000c1800000| Untracked 
|  25|0x00000000c1900000, 0x00000000c19fffe8, 0x00000000c1a00000| 99%| O|  |TAMS 0x00000000c19fffe8, 0x00000000c1900000| Untracked 
|  26|0x00000000c1a00000, 0x00000000c1a32790, 0x00000000c1b00000| 19%| O|  |TAMS 0x00000000c1a00000, 0x00000000c1a00000| Untracked 
|  27|0x00000000c1b00000, 0x00000000c1b00000, 0x00000000c1c00000|  0%| F|  |TAMS 0x00000000c1b00000, 0x00000000c1b00000| Untracked 
|  28|0x00000000c1c00000, 0x00000000c1c00000, 0x00000000c1d00000|  0%| F|  |TAMS 0x00000000c1c00000, 0x00000000c1c00000| Untracked 
|  29|0x00000000c1d00000, 0x00000000c1d00000, 0x00000000c1e00000|  0%| F|  |TAMS 0x00000000c1d00000, 0x00000000c1d00000| Untracked 
|  30|0x00000000c1e00000, 0x00000000c1e00000, 0x00000000c1f00000|  0%| F|  |TAMS 0x00000000c1e00000, 0x00000000c1e00000| Untracked 
|  31|0x00000000c1f00000, 0x00000000c1f00000, 0x00000000c2000000|  0%| F|  |TAMS 0x00000000c1f00000, 0x00000000c1f00000| Untracked 
|  32|0x00000000c2000000, 0x00000000c2000000, 0x00000000c2100000|  0%| F|  |TAMS 0x00000000c2000000, 0x00000000c2000000| Untracked 
|  33|0x00000000c2100000, 0x00000000c2100000, 0x00000000c2200000|  0%| F|  |TAMS 0x00000000c2100000, 0x00000000c2100000| Untracked 
|  34|0x00000000c2200000, 0x00000000c2200000, 0x00000000c2300000|  0%| F|  |TAMS 0x00000000c2200000, 0x00000000c2200000| Untracked 
|  35|0x00000000c2300000, 0x00000000c2300000, 0x00000000c2400000|  0%| F|  |TAMS 0x00000000c2300000, 0x00000000c2300000| Untracked 
|  36|0x00000000c2400000, 0x00000000c2400000, 0x00000000c2500000|  0%| F|  |TAMS 0x00000000c2400000, 0x00000000c2400000| Untracked 
|  37|0x00000000c2500000, 0x00000000c2500000, 0x00000000c2600000|  0%| F|  |TAMS 0x00000000c2500000, 0x00000000c2500000| Untracked 
|  38|0x00000000c2600000, 0x00000000c2600000, 0x00000000c2700000|  0%| F|  |TAMS 0x00000000c2600000, 0x00000000c2600000| Untracked 
|  39|0x00000000c2700000, 0x00000000c2700000, 0x00000000c2800000|  0%| F|  |TAMS 0x00000000c2700000, 0x00000000c2700000| Untracked 
|  40|0x00000000c2800000, 0x00000000c2800000, 0x00000000c2900000|  0%| F|  |TAMS 0x00000000c2800000, 0x00000000c2800000| Untracked 
|  41|0x00000000c2900000, 0x00000000c2900000, 0x00000000c2a00000|  0%| F|  |TAMS 0x00000000c2900000, 0x00000000c2900000| Untracked 
|  42|0x00000000c2a00000, 0x00000000c2a00000, 0x00000000c2b00000|  0%| F|  |TAMS 0x00000000c2a00000, 0x00000000c2a00000| Untracked 
|  43|0x00000000c2b00000, 0x00000000c2b00000, 0x00000000c2c00000|  0%| F|  |TAMS 0x00000000c2b00000, 0x00000000c2b00000| Untracked 
|  44|0x00000000c2c00000, 0x00000000c2c00000, 0x00000000c2d00000|  0%| F|  |TAMS 0x00000000c2c00000, 0x00000000c2c00000| Untracked 
|  45|0x00000000c2d00000, 0x00000000c2d00000, 0x00000000c2e00000|  0%| F|  |TAMS 0x00000000c2d00000, 0x00000000c2d00000| Untracked 
|  46|0x00000000c2e00000, 0x00000000c2e00000, 0x00000000c2f00000|  0%| F|  |TAMS 0x00000000c2e00000, 0x00000000c2e00000| Untracked 
|  47|0x00000000c2f00000, 0x00000000c2f00000, 0x00000000c3000000|  0%| F|  |TAMS 0x00000000c2f00000, 0x00000000c2f00000| Untracked 
|  48|0x00000000c3000000, 0x00000000c3000000, 0x00000000c3100000|  0%| F|  |TAMS 0x00000000c3000000, 0x00000000c3000000| Untracked 
|  49|0x00000000c3100000, 0x00000000c3100000, 0x00000000c3200000|  0%| F|  |TAMS 0x00000000c3100000, 0x00000000c3100000| Untracked 
|  50|0x00000000c3200000, 0x00000000c3200000, 0x00000000c3300000|  0%| F|  |TAMS 0x00000000c3200000, 0x00000000c3200000| Untracked 
|  51|0x00000000c3300000, 0x00000000c3300000, 0x00000000c3400000|  0%| F|  |TAMS 0x00000000c3300000, 0x00000000c3300000| Untracked 
|  52|0x00000000c3400000, 0x00000000c3400000, 0x00000000c3500000|  0%| F|  |TAMS 0x00000000c3400000, 0x00000000c3400000| Untracked 
|  53|0x00000000c3500000, 0x00000000c3500000, 0x00000000c3600000|  0%| F|  |TAMS 0x00000000c3500000, 0x00000000c3500000| Untracked 
|  54|0x00000000c3600000, 0x00000000c3600000, 0x00000000c3700000|  0%| F|  |TAMS 0x00000000c3600000, 0x00000000c3600000| Untracked 
|  55|0x00000000c3700000, 0x00000000c3700000, 0x00000000c3800000|  0%| F|  |TAMS 0x00000000c3700000, 0x00000000c3700000| Untracked 
|  56|0x00000000c3800000, 0x00000000c3800000, 0x00000000c3900000|  0%| F|  |TAMS 0x00000000c3800000, 0x00000000c3800000| Untracked 
|  57|0x00000000c3900000, 0x00000000c3900000, 0x00000000c3a00000|  0%| F|  |TAMS 0x00000000c3900000, 0x00000000c3900000| Untracked 
|  58|0x00000000c3a00000, 0x00000000c3a00000, 0x00000000c3b00000|  0%| F|  |TAMS 0x00000000c3a00000, 0x00000000c3a00000| Untracked 
|  59|0x00000000c3b00000, 0x00000000c3b00000, 0x00000000c3c00000|  0%| F|  |TAMS 0x00000000c3b00000, 0x00000000c3b00000| Untracked 
|  60|0x00000000c3c00000, 0x00000000c3c00000, 0x00000000c3d00000|  0%| F|  |TAMS 0x00000000c3c00000, 0x00000000c3c00000| Untracked 
|  61|0x00000000c3d00000, 0x00000000c3d00000, 0x00000000c3e00000|  0%| F|  |TAMS 0x00000000c3d00000, 0x00000000c3d00000| Untracked 
|  62|0x00000000c3e00000, 0x00000000c3e00000, 0x00000000c3f00000|  0%| F|  |TAMS 0x00000000c3e00000, 0x00000000c3e00000| Untracked 
|  63|0x00000000c3f00000, 0x00000000c3f00000, 0x00000000c4000000|  0%| F|  |TAMS 0x00000000c3f00000, 0x00000000c3f00000| Untracked 
|  64|0x00000000c4000000, 0x00000000c4000000, 0x00000000c4100000|  0%| F|  |TAMS 0x00000000c4000000, 0x00000000c4000000| Untracked 
|  65|0x00000000c4100000, 0x00000000c4100000, 0x00000000c4200000|  0%| F|  |TAMS 0x00000000c4100000, 0x00000000c4100000| Untracked 
|  66|0x00000000c4200000, 0x00000000c4200000, 0x00000000c4300000|  0%| F|  |TAMS 0x00000000c4200000, 0x00000000c4200000| Untracked 
|  67|0x00000000c4300000, 0x00000000c4300000, 0x00000000c4400000|  0%| F|  |TAMS 0x00000000c4300000, 0x00000000c4300000| Untracked 
|  68|0x00000000c4400000, 0x00000000c4400000, 0x00000000c4500000|  0%| F|  |TAMS 0x00000000c4400000, 0x00000000c4400000| Untracked 
|  69|0x00000000c4500000, 0x00000000c4500000, 0x00000000c4600000|  0%| F|  |TAMS 0x00000000c4500000, 0x00000000c4500000| Untracked 
| 218|0x00000000cda00000, 0x00000000cda00000, 0x00000000cdb00000|  0%| F|  |TAMS 0x00000000cda00000, 0x00000000cda00000| Untracked 
| 219|0x00000000cdb00000, 0x00000000cdb00000, 0x00000000cdc00000|  0%| F|  |TAMS 0x00000000cdb00000, 0x00000000cdb00000| Untracked 
| 220|0x00000000cdc00000, 0x00000000cdc00000, 0x00000000cdd00000|  0%| F|  |TAMS 0x00000000cdc00000, 0x00000000cdc00000| Untracked 
| 221|0x00000000cdd00000, 0x00000000cdd00000, 0x00000000cde00000|  0%| F|  |TAMS 0x00000000cdd00000, 0x00000000cdd00000| Untracked 
| 222|0x00000000cde00000, 0x00000000cde00000, 0x00000000cdf00000|  0%| F|  |TAMS 0x00000000cde00000, 0x00000000cde00000| Untracked 
| 254|0x00000000cfe00000, 0x00000000cfe00000, 0x00000000cff00000|  0%| F|  |TAMS 0x00000000cfe00000, 0x00000000cfe00000| Untracked 
| 255|0x00000000cff00000, 0x00000000cff1fc18, 0x00000000d0000000| 12%| E|  |TAMS 0x00000000cff00000, 0x00000000cff00000| Complete 

Card table byte_map: [0x00000210d4180000,0x00000210d4380000] _byte_map_base: 0x00000210d3b80000

Marking Bits (Prev, Next): (CMBitMap*) 0x00000210ce227ec0, (CMBitMap*) 0x00000210ce227f00
 Prev Bits: [0x00000210d4580000, 0x00000210d5580000)
 Next Bits: [0x00000210d5580000, 0x00000210d6580000)

Polling page: 0x00000210cc160000

Metaspace:

Usage:
  Non-class:     40.64 MB used.
      Class:      6.01 MB used.
       Both:     46.65 MB used.

Virtual space:
  Non-class space:       64.00 MB reserved,      41.06 MB ( 64%) committed,  1 nodes.
      Class space:        1.00 GB reserved,       6.25 MB ( <1%) committed,  1 nodes.
             Both:        1.06 GB reserved,      47.31 MB (  4%) committed. 

Chunk freelists:
   Non-Class:  6.97 MB
       Class:  9.86 MB
        Both:  16.84 MB

MaxMetaspaceSize: unlimited
CompressedClassSpaceSize: 1.00 GB
Initial GC threshold: 21.00 MB
Current GC threshold: 78.75 MB
CDS: off
MetaspaceReclaimPolicy: balanced
 - commit_granule_bytes: 65536.
 - commit_granule_words: 8192.
 - virtual_space_node_default_size: 8388608.
 - enlarge_chunks_in_place: 1.
 - new_chunks_are_fully_committed: 0.
 - uncommit_free_chunks: 1.
 - use_allocation_guard: 0.
 - handle_deallocations: 1.


Internal statistics:

num_allocs_failed_limit: 6.
num_arena_births: 588.
num_arena_deaths: 204.
num_vsnodes_births: 2.
num_vsnodes_deaths: 0.
num_space_committed: 757.
num_space_uncommitted: 0.
num_chunks_returned_to_freelist: 245.
num_chunks_taken_from_freelist: 1997.
num_chunk_merges: 78.
num_chunk_splits: 1380.
num_chunks_enlarged: 1044.
num_inconsistent_stats: 0.

CodeCache: size=49152Kb used=8305Kb max_used=9482Kb free=40846Kb
 bounds [0x00000210d0e70000, 0x00000210d17c0000, 0x00000210d3e70000]
 total_blobs=5233 nmethods=4613 adapters=547
 compilation: enabled
              stopped_count=0, restarted_count=0
 full_count=0

Compilation events (20 events):
Event: 612.370 Thread 0x00000210dd090aa0 4603       1       java.util.concurrent.ThreadPoolExecutor::getQueue (5 bytes)
Event: 612.370 Thread 0x00000210dd090aa0 nmethod 4603 0x00000210d1371190 code [0x00000210d1371320, 0x00000210d13713f8]
Event: 612.370 Thread 0x00000210dd090aa0 4604       1       java.util.concurrent.TimeUnit::convert (77 bytes)
Event: 612.370 Thread 0x00000210dd090aa0 nmethod 4604 0x00000210d1370b90 code [0x00000210d1370d80, 0x00000210d1371008]
Event: 621.539 Thread 0x00000210dd090aa0 4605       1       java.util.concurrent.ScheduledThreadPoolExecutor$DelayedWorkQueue::setIndex (16 bytes)
Event: 621.539 Thread 0x00000210dd090aa0 nmethod 4605 0x00000210d1370810 code [0x00000210d13709a0, 0x00000210d1370ab8]
Event: 632.366 Thread 0x00000210dd090aa0 4606       1       java.util.concurrent.ScheduledThreadPoolExecutor$ScheduledFutureTask::getDelay (16 bytes)
Event: 632.366 Thread 0x00000210dd090aa0 nmethod 4606 0x00000210d1370490 code [0x00000210d1370620, 0x00000210d1370748]
Event: 661.982 Thread 0x00000210dd090aa0 4607       1       java.lang.invoke.LambdaForm$MH/0x000000010008c400::invoke (27 bytes)
Event: 661.983 Thread 0x00000210dd090aa0 nmethod 4607 0x00000210d1370090 code [0x00000210d1370240, 0x00000210d1370398]
Event: 661.983 Thread 0x00000210dd090aa0 4608       1       java.lang.StringConcatHelper::newArrayWithSuffix (40 bytes)
Event: 661.983 Thread 0x00000210dd090aa0 nmethod 4608 0x00000210d136fa90 code [0x00000210d136fc60, 0x00000210d136fed8]
Event: 816.127 Thread 0x00000210dd090aa0 4610       1       java.lang.invoke.LambdaForm$MH/0x000000010008ec00::invoke (148 bytes)
Event: 816.128 Thread 0x00000210dd090aa0 nmethod 4610 0x00000210d136ec10 code [0x00000210d136ee40, 0x00000210d136f248]
Event: 826.276 Thread 0x00000210dd090aa0 4611       1       java.io.FileDescriptor$1::setHandle (6 bytes)
Event: 826.277 Thread 0x00000210dd090aa0 nmethod 4611 0x00000210d136e890 code [0x00000210d136ea20, 0x00000210d136eb68]
Event: 826.277 Thread 0x00000210dd090aa0 4612       1       java.io.FileDescriptor::setHandle (33 bytes)
Event: 826.277 Thread 0x00000210dd090aa0 nmethod 4612 0x00000210d136e510 code [0x00000210d136e6a0, 0x00000210d136e7e8]
Event: 826.277 Thread 0x00000210dd090aa0 4613       1       java.io.FileDescriptor$1::registerCleanup (5 bytes)
Event: 826.277 Thread 0x00000210dd090aa0 nmethod 4613 0x00000210d136e210 code [0x00000210d136e3a0, 0x00000210d136e488]

GC Heap History (20 events):
Event: 785.773 GC heap before
{Heap before GC invocations=76 (full 66):
 garbage-first heap   total 78848K, used 26509K [0x00000000c0000000, 0x0000000100000000)
  region size 1024K, 1 young (1024K), 0 survivors (0K)
 Metaspace       used 47766K, committed 48448K, reserved 1114112K
  class space    used 6149K, committed 6400K, reserved 1048576K
}
Event: 785.795 GC heap after
{Heap after GC invocations=77 (full 67):
 garbage-first heap   total 78848K, used 26509K [0x00000000c0000000, 0x0000000100000000)
  region size 1024K, 0 young (0K), 0 survivors (0K)
 Metaspace       used 47766K, committed 48448K, reserved 1114112K
  class space    used 6149K, committed 6400K, reserved 1048576K
}
Event: 795.952 GC heap before
{Heap before GC invocations=77 (full 67):
 garbage-first heap   total 78848K, used 26509K [0x00000000c0000000, 0x0000000100000000)
  region size 1024K, 1 young (1024K), 0 survivors (0K)
 Metaspace       used 47766K, committed 48448K, reserved 1114112K
  class space    used 6149K, committed 6400K, reserved 1048576K
}
Event: 795.974 GC heap after
{Heap after GC invocations=78 (full 68):
 garbage-first heap   total 78848K, used 26509K [0x00000000c0000000, 0x0000000100000000)
  region size 1024K, 0 young (0K), 0 survivors (0K)
 Metaspace       used 47766K, committed 48448K, reserved 1114112K
  class space    used 6149K, committed 6400K, reserved 1048576K
}
Event: 806.100 GC heap before
{Heap before GC invocations=78 (full 68):
 garbage-first heap   total 78848K, used 26509K [0x00000000c0000000, 0x0000000100000000)
  region size 1024K, 1 young (1024K), 0 survivors (0K)
 Metaspace       used 47766K, committed 48448K, reserved 1114112K
  class space    used 6149K, committed 6400K, reserved 1048576K
}
Event: 806.119 GC heap after
{Heap after GC invocations=79 (full 69):
 garbage-first heap   total 78848K, used 26509K [0x00000000c0000000, 0x0000000100000000)
  region size 1024K, 0 young (0K), 0 survivors (0K)
 Metaspace       used 47766K, committed 48448K, reserved 1114112K
  class space    used 6149K, committed 6400K, reserved 1048576K
}
Event: 816.248 GC heap before
{Heap before GC invocations=79 (full 69):
 garbage-first heap   total 78848K, used 26509K [0x00000000c0000000, 0x0000000100000000)
  region size 1024K, 1 young (1024K), 0 survivors (0K)
 Metaspace       used 47766K, committed 48448K, reserved 1114112K
  class space    used 6149K, committed 6400K, reserved 1048576K
}
Event: 816.267 GC heap after
{Heap after GC invocations=80 (full 70):
 garbage-first heap   total 78848K, used 26509K [0x00000000c0000000, 0x0000000100000000)
  region size 1024K, 0 young (0K), 0 survivors (0K)
 Metaspace       used 47766K, committed 48448K, reserved 1114112K
  class space    used 6149K, committed 6400K, reserved 1048576K
}
Event: 826.396 GC heap before
{Heap before GC invocations=80 (full 70):
 garbage-first heap   total 78848K, used 26509K [0x00000000c0000000, 0x0000000100000000)
  region size 1024K, 1 young (1024K), 0 survivors (0K)
 Metaspace       used 47766K, committed 48448K, reserved 1114112K
  class space    used 6149K, committed 6400K, reserved 1048576K
}
Event: 826.414 GC heap after
{Heap after GC invocations=81 (full 71):
 garbage-first heap   total 78848K, used 26509K [0x00000000c0000000, 0x0000000100000000)
  region size 1024K, 0 young (0K), 0 survivors (0K)
 Metaspace       used 47766K, committed 48448K, reserved 1114112K
  class space    used 6149K, committed 6400K, reserved 1048576K
}
Event: 836.542 GC heap before
{Heap before GC invocations=81 (full 71):
 garbage-first heap   total 78848K, used 26509K [0x00000000c0000000, 0x0000000100000000)
  region size 1024K, 1 young (1024K), 0 survivors (0K)
 Metaspace       used 47766K, committed 48448K, reserved 1114112K
  class space    used 6149K, committed 6400K, reserved 1048576K
}
Event: 836.558 GC heap after
{Heap after GC invocations=82 (full 72):
 garbage-first heap   total 78848K, used 26509K [0x00000000c0000000, 0x0000000100000000)
  region size 1024K, 0 young (0K), 0 survivors (0K)
 Metaspace       used 47766K, committed 48448K, reserved 1114112K
  class space    used 6149K, committed 6400K, reserved 1048576K
}
Event: 846.671 GC heap before
{Heap before GC invocations=82 (full 72):
 garbage-first heap   total 78848K, used 26509K [0x00000000c0000000, 0x0000000100000000)
  region size 1024K, 1 young (1024K), 0 survivors (0K)
 Metaspace       used 47766K, committed 48448K, reserved 1114112K
  class space    used 6149K, committed 6400K, reserved 1048576K
}
Event: 846.686 GC heap after
{Heap after GC invocations=83 (full 73):
 garbage-first heap   total 78848K, used 26509K [0x00000000c0000000, 0x0000000100000000)
  region size 1024K, 0 young (0K), 0 survivors (0K)
 Metaspace       used 47766K, committed 48448K, reserved 1114112K
  class space    used 6149K, committed 6400K, reserved 1048576K
}
Event: 856.832 GC heap before
{Heap before GC invocations=83 (full 73):
 garbage-first heap   total 78848K, used 26509K [0x00000000c0000000, 0x0000000100000000)
  region size 1024K, 1 young (1024K), 0 survivors (0K)
 Metaspace       used 47766K, committed 48448K, reserved 1114112K
  class space    used 6149K, committed 6400K, reserved 1048576K
}
Event: 856.853 GC heap after
{Heap after GC invocations=84 (full 74):
 garbage-first heap   total 78848K, used 26509K [0x00000000c0000000, 0x0000000100000000)
  region size 1024K, 0 young (0K), 0 survivors (0K)
 Metaspace       used 47766K, committed 48448K, reserved 1114112K
  class space    used 6149K, committed 6400K, reserved 1048576K
}
Event: 867.181 GC heap before
{Heap before GC invocations=84 (full 74):
 garbage-first heap   total 78848K, used 26509K [0x00000000c0000000, 0x0000000100000000)
  region size 1024K, 1 young (1024K), 0 survivors (0K)
 Metaspace       used 47766K, committed 48448K, reserved 1114112K
  class space    used 6149K, committed 6400K, reserved 1048576K
}
Event: 867.203 GC heap after
{Heap after GC invocations=85 (full 75):
 garbage-first heap   total 78848K, used 26509K [0x00000000c0000000, 0x0000000100000000)
  region size 1024K, 0 young (0K), 0 survivors (0K)
 Metaspace       used 47766K, committed 48448K, reserved 1114112K
  class space    used 6149K, committed 6400K, reserved 1048576K
}
Event: 877.429 GC heap before
{Heap before GC invocations=85 (full 75):
 garbage-first heap   total 78848K, used 26509K [0x00000000c0000000, 0x0000000100000000)
  region size 1024K, 1 young (1024K), 0 survivors (0K)
 Metaspace       used 47766K, committed 48448K, reserved 1114112K
  class space    used 6149K, committed 6400K, reserved 1048576K
}
Event: 877.452 GC heap after
{Heap after GC invocations=86 (full 76):
 garbage-first heap   total 78848K, used 26509K [0x00000000c0000000, 0x0000000100000000)
  region size 1024K, 0 young (0K), 0 survivors (0K)
 Metaspace       used 47766K, committed 48448K, reserved 1114112K
  class space    used 6149K, committed 6400K, reserved 1048576K
}

Dll operation events (10 events):
Event: 0.018 Loaded shared library c:\Users\tojaman\.vscode\extensions\redhat.java-1.28.1-win32-x64\jre\17.0.10-win32-x86_64\bin\java.dll
Event: 0.238 Loaded shared library C:\Users\tojaman\.vscode\extensions\redhat.java-1.28.1-win32-x64\jre\17.0.10-win32-x86_64\bin\net.dll
Event: 0.240 Loaded shared library C:\Users\tojaman\.vscode\extensions\redhat.java-1.28.1-win32-x64\jre\17.0.10-win32-x86_64\bin\nio.dll
Event: 0.653 Loaded shared library C:\Users\tojaman\.vscode\extensions\redhat.java-1.28.1-win32-x64\jre\17.0.10-win32-x86_64\bin\zip.dll
Event: 8.097 Loaded shared library C:\Users\tojaman\.vscode\extensions\redhat.java-1.28.1-win32-x64\jre\17.0.10-win32-x86_64\bin\jimage.dll
Event: 9.284 Loaded shared library c:\Users\tojaman\.vscode\extensions\redhat.java-1.28.1-win32-x64\jre\17.0.10-win32-x86_64\bin\verify.dll
Event: 12.464 Loaded shared library C:\Users\tojaman\.vscode\extensions\redhat.java-1.28.1-win32-x64\jre\17.0.10-win32-x86_64\bin\management.dll
Event: 12.465 Loaded shared library C:\Users\tojaman\.vscode\extensions\redhat.java-1.28.1-win32-x64\jre\17.0.10-win32-x86_64\bin\management_ext.dll
Event: 13.390 Loaded shared library C:\Users\tojaman\.vscode\extensions\redhat.java-1.28.1-win32-x64\jre\17.0.10-win32-x86_64\bin\sunmscapi.dll
Event: 13.547 Loaded shared library C:\Users\tojaman\.vscode\extensions\redhat.java-1.28.1-win32-x64\jre\17.0.10-win32-x86_64\bin\extnet.dll

Deoptimization events (6 events):
Event: 12.758 Thread 0x00000210ddad6800 DEOPT PACKING pc=0x00000210d1430801 sp=0x000000470c0fd9a0
Event: 12.758 Thread 0x00000210ddad6800 DEOPT UNPACKING pc=0x00000210d0ec7143 sp=0x000000470c0fce30 mode 3
Event: 12.777 Thread 0x00000210dea42f20 DEOPT PACKING pc=0x00000210d140c697 sp=0x000000470c6feee0
Event: 12.777 Thread 0x00000210dea42f20 DEOPT UNPACKING pc=0x00000210d0ec7143 sp=0x000000470c6fe338 mode 3
Event: 13.448 Thread 0x00000210dea43940 DEOPT PACKING pc=0x00000210d0fd2a8c sp=0x000000470c8fab40
Event: 13.448 Thread 0x00000210dea43940 DEOPT UNPACKING pc=0x00000210d0ec7143 sp=0x000000470c8fa008 mode 0

Classes unloaded (20 events):
Event: 124.477 Thread 0x00000210dd01ca00 Unloading class 0x0000000100094800 'java/lang/invoke/LambdaForm$MH+0x0000000100094800'
Event: 124.477 Thread 0x00000210dd01ca00 Unloading class 0x0000000100094400 'java/lang/invoke/LambdaForm$MH+0x0000000100094400'
Event: 124.477 Thread 0x00000210dd01ca00 Unloading class 0x000000010008e800 'java/lang/invoke/LambdaForm$MH+0x000000010008e800'
Event: 124.477 Thread 0x00000210dd01ca00 Unloading class 0x000000010008e400 'java/lang/invoke/LambdaForm$MH+0x000000010008e400'
Event: 124.477 Thread 0x00000210dd01ca00 Unloading class 0x000000010008e000 'java/lang/invoke/LambdaForm$MH+0x000000010008e000'
Event: 124.477 Thread 0x00000210dd01ca00 Unloading class 0x000000010008dc00 'java/lang/invoke/LambdaForm$MH+0x000000010008dc00'
Event: 124.477 Thread 0x00000210dd01ca00 Unloading class 0x000000010008d800 'java/lang/invoke/LambdaForm$MH+0x000000010008d800'
Event: 124.477 Thread 0x00000210dd01ca00 Unloading class 0x000000010008d400 'java/lang/invoke/LambdaForm$MH+0x000000010008d400'
Event: 124.477 Thread 0x00000210dd01ca00 Unloading class 0x000000010008cc00 'java/lang/invoke/LambdaForm$MH+0x000000010008cc00'
Event: 124.477 Thread 0x00000210dd01ca00 Unloading class 0x000000010008c800 'java/lang/invoke/LambdaForm$MH+0x000000010008c800'
Event: 124.477 Thread 0x00000210dd01ca00 Unloading class 0x000000010008c000 'java/lang/invoke/LambdaForm$MH+0x000000010008c000'
Event: 124.477 Thread 0x00000210dd01ca00 Unloading class 0x000000010008bc00 'java/lang/invoke/LambdaForm$MH+0x000000010008bc00'
Event: 124.477 Thread 0x00000210dd01ca00 Unloading class 0x000000010008ac00 'java/lang/invoke/LambdaForm$MH+0x000000010008ac00'
Event: 124.477 Thread 0x00000210dd01ca00 Unloading class 0x000000010008a400 'java/lang/invoke/LambdaForm$MH+0x000000010008a400'
Event: 124.477 Thread 0x00000210dd01ca00 Unloading class 0x000000010008a000 'java/lang/invoke/LambdaForm$MH+0x000000010008a000'
Event: 124.477 Thread 0x00000210dd01ca00 Unloading class 0x0000000100089c00 'java/lang/invoke/LambdaForm$MH+0x0000000100089c00'
Event: 124.477 Thread 0x00000210dd01ca00 Unloading class 0x0000000100089800 'java/lang/invoke/LambdaForm$MH+0x0000000100089800'
Event: 124.477 Thread 0x00000210dd01ca00 Unloading class 0x0000000100089400 'java/lang/invoke/LambdaForm$MH+0x0000000100089400'
Event: 124.477 Thread 0x00000210dd01ca00 Unloading class 0x0000000100088c00 'java/lang/invoke/LambdaForm$MH+0x0000000100088c00'
Event: 124.477 Thread 0x00000210dd01ca00 Unloading class 0x0000000100088400 'java/lang/invoke/LambdaForm$MH+0x0000000100088400'

Classes redefined (0 events):
No events

Internal exceptions (20 events):
Event: 12.930 Thread 0x00000210dea42f20 Exception <a 'sun/nio/fs/WindowsException'{0x00000000c32e9df8}> (0x00000000c32e9df8) 
thrown [s\src\hotspot\share\prims\jni.cpp, line 516]
Event: 12.930 Thread 0x00000210dea42f20 Exception <a 'sun/nio/fs/WindowsException'{0x00000000c32ea7d0}> (0x00000000c32ea7d0) 
thrown [s\src\hotspot\share\prims\jni.cpp, line 516]
Event: 12.930 Thread 0x00000210dea42f20 Exception <a 'sun/nio/fs/WindowsException'{0x00000000c32eb388}> (0x00000000c32eb388) 
thrown [s\src\hotspot\share\prims\jni.cpp, line 516]
Event: 12.930 Thread 0x00000210dea42f20 Exception <a 'sun/nio/fs/WindowsException'{0x00000000c32ebf40}> (0x00000000c32ebf40) 
thrown [s\src\hotspot\share\prims\jni.cpp, line 516]
Event: 12.931 Thread 0x00000210dea42f20 Exception <a 'sun/nio/fs/WindowsException'{0x00000000c32f31c8}> (0x00000000c32f31c8) 
thrown [s\src\hotspot\share\prims\jni.cpp, line 516]
Event: 12.931 Thread 0x00000210dea42f20 Exception <a 'sun/nio/fs/WindowsException'{0x00000000c32f3ba0}> (0x00000000c32f3ba0) 
thrown [s\src\hotspot\share\prims\jni.cpp, line 516]
Event: 12.931 Thread 0x00000210dea42f20 Exception <a 'sun/nio/fs/WindowsException'{0x00000000c32f45c8}> (0x00000000c32f45c8) 
thrown [s\src\hotspot\share\prims\jni.cpp, line 516]
Event: 12.931 Thread 0x00000210dea42f20 Exception <a 'sun/nio/fs/WindowsException'{0x00000000c32f4fa0}> (0x00000000c32f4fa0) 
thrown [s\src\hotspot\share\prims\jni.cpp, line 516]
Event: 12.931 Thread 0x00000210dea42f20 Exception <a 'sun/nio/fs/WindowsException'{0x00000000c32f5b58}> (0x00000000c32f5b58) 
thrown [s\src\hotspot\share\prims\jni.cpp, line 516]
Event: 12.931 Thread 0x00000210dea42f20 Exception <a 'sun/nio/fs/WindowsException'{0x00000000c32f6710}> (0x00000000c32f6710) 
thrown [s\src\hotspot\share\prims\jni.cpp, line 516]
Event: 12.939 Thread 0x00000210dea42f20 Exception <a 'sun/nio/fs/WindowsException'{0x00000000c311c020}> (0x00000000c311c020) 
thrown [s\src\hotspot\share\prims\jni.cpp, line 516]
Event: 13.300 Thread 0x00000210dea43940 Exception <a 'java/lang/NoSuchMethodError'{0x00000000c3004868}: 'void java.lang.invoke.DirectMethodHandle$Holder.invokeVirtual(java.lang.Object, java.lang.Object, java.lang.Object, java.lang.Object)'> (0x00000000c3004868) 
thrown [s\src\hotspot\share\interpreter\linkResolver.cpp, line 759]
Event: 13.356 Thread 0x00000210dea43940 Exception <a 'java/lang/NoSuchMethodError'{0x00000000cdee9590}: 'java.lang.Object java.lang.invoke.DirectMethodHandle$Holder.invokeStatic(java.lang.Object, java.lang.Object, int, java.lang.Object)'> (0x00000000cdee9590) 
thrown [s\src\hotspot\share\interpreter\linkResolver.cpp, line 759]
Event: 13.357 Thread 0x00000210dea43940 Exception <a 'java/lang/NoSuchMethodError'{0x00000000cdeef970}: 'java.lang.Object java.lang.invoke.DirectMethodHandle$Holder.newInvokeSpecial(java.lang.Object, java.lang.Object, int)'> (0x00000000cdeef970) 
thrown [s\src\hotspot\share\interpreter\linkResolver.cpp, line 759]
Event: 13.434 Thread 0x00000210dea43940 Exception <a 'sun/nio/fs/WindowsException'{0x00000000c4123148}> (0x00000000c4123148) 
thrown [s\src\hotspot\share\prims\jni.cpp, line 516]
Event: 112.823 Thread 0x00000210ddb83690 Exception <a 'java/lang/NoSuchMethodError'{0x00000000cdb4a4b8}: 'void java.lang.invoke.DirectMethodHandle$Holder.invokeStatic(java.lang.Object, long)'> (0x00000000cdb4a4b8) 
thrown [s\src\hotspot\share\interpreter\linkResolver.cpp, line 759]
Event: 112.823 Thread 0x00000210ddb83690 Exception <a 'java/lang/NoSuchMethodError'{0x00000000cdb4f860}: 'java.lang.Object java.lang.invoke.DirectMethodHandle$Holder.newInvokeSpecial(java.lang.Object, long)'> (0x00000000cdb4f860) 
thrown [s\src\hotspot\share\interpreter\linkResolver.cpp, line 759]
Event: 315.452 Thread 0x00000210dea44360 Exception <a 'java/io/IOException'{0x00000000cff74318}> (0x00000000cff74318) 
thrown [s\src\hotspot\share\prims\jni.cpp, line 516]
Event: 315.618 Thread 0x00000210dea44d80 Exception <a 'java/io/IOException'{0x00000000cff7e120}> (0x00000000cff7e120) 
thrown [s\src\hotspot\share\prims\jni.cpp, line 516]
Event: 316.096 Thread 0x00000210dea41ae0 Exception <a 'java/io/IOException'{0x00000000cff90848}> (0x00000000cff90848) 
thrown [s\src\hotspot\share\prims\jni.cpp, line 516]

VM Operations (20 events):
Event: 785.795 Executing VM operation: G1CollectFull done
Event: 795.952 Executing VM operation: G1CollectFull
Event: 795.974 Executing VM operation: G1CollectFull done
Event: 806.100 Executing VM operation: G1CollectFull
Event: 806.119 Executing VM operation: G1CollectFull done
Event: 816.248 Executing VM operation: G1CollectFull
Event: 816.267 Executing VM operation: G1CollectFull done
Event: 826.396 Executing VM operation: G1CollectFull
Event: 826.414 Executing VM operation: G1CollectFull done
Event: 836.542 Executing VM operation: G1CollectFull
Event: 836.558 Executing VM operation: G1CollectFull done
Event: 846.671 Executing VM operation: G1CollectFull
Event: 846.686 Executing VM operation: G1CollectFull done
Event: 856.832 Executing VM operation: G1CollectFull
Event: 856.854 Executing VM operation: G1CollectFull done
Event: 867.181 Executing VM operation: G1CollectFull
Event: 867.203 Executing VM operation: G1CollectFull done
Event: 877.428 Executing VM operation: G1CollectFull
Event: 877.452 Executing VM operation: G1CollectFull done
Event: 887.482 Executing VM operation: G1CollectFull

Events (20 events):
Event: 315.450 loading class sun/nio/ch/SocketOptionRegistry$LazyInitialization done
Event: 315.450 loading class sun/nio/ch/OptionKey
Event: 315.450 loading class sun/nio/ch/OptionKey done
Event: 315.450 loading class sun/nio/ch/ExtendedSocketOption
Event: 315.450 loading class sun/nio/ch/ExtendedSocketOption done
Event: 315.450 loading class sun/nio/ch/ExtendedSocketOption$1
Event: 315.451 loading class sun/nio/ch/ExtendedSocketOption$1 done
Event: 315.451 loading class sun/security/ssl/Alert
Event: 315.451 loading class sun/security/ssl/Alert done
Event: 315.451 loading class sun/security/ssl/Alert$AlertConsumer
Event: 315.451 loading class sun/security/ssl/Alert$AlertConsumer done
Event: 315.451 loading class sun/security/ssl/Alert$Level
Event: 315.451 loading class sun/security/ssl/Alert$Level done
Event: 315.452 loading class sun/net/ConnectionResetException
Event: 315.452 loading class sun/net/ConnectionResetException done
Event: 375.454 Thread 0x00000210dea415d0 Thread exited: 0x00000210dea415d0
Event: 375.620 Thread 0x00000210dea44d80 Thread exited: 0x00000210dea44d80
Event: 375.620 Thread 0x00000210dea41ff0 Thread exited: 0x00000210dea41ff0
Event: 376.105 Thread 0x00000210dea44360 Thread exited: 0x00000210dea44360
Event: 376.105 Thread 0x00000210dea41ae0 Thread exited: 0x00000210dea41ae0


Dynamic libraries:
0x00007ff6d4170000 - 0x00007ff6d417e000 	c:\Users\tojaman\.vscode\extensions\redhat.java-1.28.1-win32-x64\jre\17.0.10-win32-x86_64\bin\java.exe
0x00007ffae5550000 - 0x00007ffae5766000 	C:\WINDOWS\SYSTEM32\ntdll.dll
0x00007ffae4410000 - 0x00007ffae44d4000 	C:\WINDOWS\System32\KERNEL32.DLL
0x00007ffae2b70000 - 0x00007ffae2f16000 	C:\WINDOWS\System32\KERNELBASE.dll
0x00007ffae2890000 - 0x00007ffae29a1000 	C:\WINDOWS\System32\ucrtbase.dll
0x00007ffaaef10000 - 0x00007ffaaef2b000 	c:\Users\tojaman\.vscode\extensions\redhat.java-1.28.1-win32-x64\jre\17.0.10-win32-x86_64\bin\VCRUNTIME140.dll
0x00007ffabe200000 - 0x00007ffabe217000 	c:\Users\tojaman\.vscode\extensions\redhat.java-1.28.1-win32-x64\jre\17.0.10-win32-x86_64\bin\jli.dll
0x00007ffae52c0000 - 0x00007ffae546d000 	C:\WINDOWS\System32\USER32.dll
0x00007ffae2fe0000 - 0x00007ffae3006000 	C:\WINDOWS\System32\win32u.dll
0x00007ffae5230000 - 0x00007ffae5259000 	C:\WINDOWS\System32\GDI32.dll
0x00007ffae2a50000 - 0x00007ffae2b68000 	C:\WINDOWS\System32\gdi32full.dll
0x00007ffae29b0000 - 0x00007ffae2a4a000 	C:\WINDOWS\System32\msvcp_win.dll
0x00007ffad3050000 - 0x00007ffad32e3000 	C:\WINDOWS\WinSxS\amd64_microsoft.windows.common-controls_6595b64144ccf1df_6.0.22621.3235_none_270f74e173860f98\COMCTL32.dll
0x00007ffae37f0000 - 0x00007ffae3897000 	C:\WINDOWS\System32\msvcrt.dll
0x00007ffae38a0000 - 0x00007ffae38d1000 	C:\WINDOWS\System32\IMM32.DLL
0x00007ffabf540000 - 0x00007ffabf54c000 	c:\Users\tojaman\.vscode\extensions\redhat.java-1.28.1-win32-x64\jre\17.0.10-win32-x86_64\bin\vcruntime140_1.dll
0x00007ffa5b8e0000 - 0x00007ffa5b96d000 	c:\Users\tojaman\.vscode\extensions\redhat.java-1.28.1-win32-x64\jre\17.0.10-win32-x86_64\bin\msvcp140.dll
0x00007ffa11430000 - 0x00007ffa12092000 	c:\Users\tojaman\.vscode\extensions\redhat.java-1.28.1-win32-x64\jre\17.0.10-win32-x86_64\bin\server\jvm.dll
0x00007ffae4780000 - 0x00007ffae4832000 	C:\WINDOWS\System32\ADVAPI32.dll
0x00007ffae4150000 - 0x00007ffae41f8000 	C:\WINDOWS\System32\sechost.dll
0x00007ffae3270000 - 0x00007ffae3298000 	C:\WINDOWS\System32\bcrypt.dll
0x00007ffae33e0000 - 0x00007ffae34f5000 	C:\WINDOWS\System32\RPCRT4.dll
0x00007ffae2130000 - 0x00007ffae217d000 	C:\WINDOWS\SYSTEM32\POWRPROF.dll
0x00007ffa92da0000 - 0x00007ffa92da9000 	C:\WINDOWS\SYSTEM32\WSOCK32.dll
0x00007ffae5470000 - 0x00007ffae54e1000 	C:\WINDOWS\System32\WS2_32.dll
0x00007ffad3db0000 - 0x00007ffad3de4000 	C:\WINDOWS\SYSTEM32\WINMM.dll
0x00007ffadb6f0000 - 0x00007ffadb6fa000 	C:\WINDOWS\SYSTEM32\VERSION.dll
0x00007ffae20f0000 - 0x00007ffae2103000 	C:\WINDOWS\SYSTEM32\UMPDC.dll
0x00007ffae1890000 - 0x00007ffae18a8000 	C:\WINDOWS\SYSTEM32\kernel.appcore.dll
0x00007ffabe750000 - 0x00007ffabe75a000 	c:\Users\tojaman\.vscode\extensions\redhat.java-1.28.1-win32-x64\jre\17.0.10-win32-x86_64\bin\jimage.dll
0x00007ffad86b0000 - 0x00007ffad88e3000 	C:\WINDOWS\SYSTEM32\DBGHELP.DLL
0x00007ffae4e30000 - 0x00007ffae51b8000 	C:\WINDOWS\System32\combase.dll
0x00007ffae3560000 - 0x00007ffae3637000 	C:\WINDOWS\System32\OLEAUT32.dll
0x00007ffacfd40000 - 0x00007ffacfd72000 	C:\WINDOWS\SYSTEM32\dbgcore.DLL
0x00007ffae31f0000 - 0x00007ffae326a000 	C:\WINDOWS\System32\bcryptPrimitives.dll
0x00007ffa926f0000 - 0x00007ffa92715000 	c:\Users\tojaman\.vscode\extensions\redhat.java-1.28.1-win32-x64\jre\17.0.10-win32-x86_64\bin\java.dll
0x00007ffaa8380000 - 0x00007ffaa8398000 	c:\Users\tojaman\.vscode\extensions\redhat.java-1.28.1-win32-x64\jre\17.0.10-win32-x86_64\bin\zip.dll
0x00007ffae38e0000 - 0x00007ffae413c000 	C:\WINDOWS\System32\SHELL32.dll
0x00007ffae07a0000 - 0x00007ffae1098000 	C:\WINDOWS\SYSTEM32\windows.storage.dll
0x00007ffae0660000 - 0x00007ffae079e000 	C:\WINDOWS\SYSTEM32\wintypes.dll
0x00007ffae36c0000 - 0x00007ffae37b3000 	C:\WINDOWS\System32\SHCORE.dll
0x00007ffae51d0000 - 0x00007ffae522e000 	C:\WINDOWS\System32\shlwapi.dll
0x00007ffae27c0000 - 0x00007ffae27e6000 	C:\WINDOWS\SYSTEM32\profapi.dll
0x00007ffa99560000 - 0x00007ffa99579000 	C:\Users\tojaman\.vscode\extensions\redhat.java-1.28.1-win32-x64\jre\17.0.10-win32-x86_64\bin\net.dll
0x00007ffadc2d0000 - 0x00007ffadc407000 	C:\WINDOWS\SYSTEM32\WINHTTP.dll
0x00007ffae1d00000 - 0x00007ffae1d69000 	C:\WINDOWS\system32\mswsock.dll
0x00007ffa93130000 - 0x00007ffa93146000 	C:\Users\tojaman\.vscode\extensions\redhat.java-1.28.1-win32-x64\jre\17.0.10-win32-x86_64\bin\nio.dll
0x00007ffabe2b0000 - 0x00007ffabe2c0000 	c:\Users\tojaman\.vscode\extensions\redhat.java-1.28.1-win32-x64\jre\17.0.10-win32-x86_64\bin\verify.dll
0x00007ffae20d0000 - 0x00007ffae20eb000 	C:\WINDOWS\SYSTEM32\CRYPTSP.dll
0x00007ffae17f0000 - 0x00007ffae1825000 	C:\WINDOWS\system32\rsaenh.dll
0x00007ffae1da0000 - 0x00007ffae1dcc000 	C:\WINDOWS\SYSTEM32\USERENV.dll
0x00007ffae20a0000 - 0x00007ffae20ac000 	C:\WINDOWS\SYSTEM32\CRYPTBASE.dll
0x00007ffae1300000 - 0x00007ffae132d000 	C:\WINDOWS\SYSTEM32\IPHLPAPI.DLL
0x00007ffae4e20000 - 0x00007ffae4e29000 	C:\WINDOWS\System32\NSI.dll
0x00007ffadc8c0000 - 0x00007ffadc8d9000 	C:\WINDOWS\SYSTEM32\dhcpcsvc6.DLL
0x00007ffadc0a0000 - 0x00007ffadc0bf000 	C:\WINDOWS\SYSTEM32\dhcpcsvc.DLL
0x00007ffae1370000 - 0x00007ffae1469000 	C:\WINDOWS\SYSTEM32\DNSAPI.dll
0x00007ffabdf50000 - 0x00007ffabdf59000 	C:\Users\tojaman\.vscode\extensions\redhat.java-1.28.1-win32-x64\jre\17.0.10-win32-x86_64\bin\management.dll
0x00007ffab8890000 - 0x00007ffab889b000 	C:\Users\tojaman\.vscode\extensions\redhat.java-1.28.1-win32-x64\jre\17.0.10-win32-x86_64\bin\management_ext.dll
0x00007ffae37e0000 - 0x00007ffae37e8000 	C:\WINDOWS\System32\PSAPI.DLL
0x00007ffab5950000 - 0x00007ffab595e000 	C:\Users\tojaman\.vscode\extensions\redhat.java-1.28.1-win32-x64\jre\17.0.10-win32-x86_64\bin\sunmscapi.dll
0x00007ffae3010000 - 0x00007ffae3176000 	C:\WINDOWS\System32\CRYPT32.dll
0x00007ffae2250000 - 0x00007ffae227e000 	C:\WINDOWS\SYSTEM32\ncrypt.dll
0x00007ffae2210000 - 0x00007ffae2247000 	C:\WINDOWS\SYSTEM32\NTASN1.dll
0x00007ffadc570000 - 0x00007ffadc57a000 	C:\Windows\System32\rasadhlp.dll
0x00007ffadb490000 - 0x00007ffadb513000 	C:\WINDOWS\System32\fwpuclnt.dll
0x00007ffab83e0000 - 0x00007ffab83e9000 	C:\Users\tojaman\.vscode\extensions\redhat.java-1.28.1-win32-x64\jre\17.0.10-win32-x86_64\bin\extnet.dll

dbghelp: loaded successfully - version: 4.0.5 - missing functions: none
symbol engine: initialized successfully - sym options: 0x614 - pdb path: .;c:\Users\tojaman\.vscode\extensions\redhat.java-1.28.1-win32-x64\jre\17.0.10-win32-x86_64\bin;C:\WINDOWS\SYSTEM32;C:\WINDOWS\WinSxS\amd64_microsoft.windows.common-controls_6595b64144ccf1df_6.0.22621.3235_none_270f74e173860f98;c:\Users\tojaman\.vscode\extensions\redhat.java-1.28.1-win32-x64\jre\17.0.10-win32-x86_64\bin\server

VM Arguments:
jvm_args: -XX:+HeapDumpOnOutOfMemoryError -Xmx1024m -Dsts.lsp.client=vscode -Dsts.log.file=/dev/null -XX:TieredStopAtLevel=1 -Xlog:jni+resolve=off -Dspring.config.location=file:c:\Users\tojaman\.vscode\extensions\vmware.vscode-spring-boot-1.53.0\language-server\BOOT-INF\classes\application.properties 
java_command: org.springframework.ide.vscode.boot.app.BootLanguageServerBootApp
java_class_path (initial): c:\Users\tojaman\.vscode\extensions\vmware.vscode-spring-boot-1.53.0\language-server\BOOT-INF\classes;c:\Users\tojaman\.vscode\extensions\vmware.vscode-spring-boot-1.53.0\language-server\BOOT-INF\lib\annotations-24.1.0.jar;c:\Users\tojaman\.vscode\extensions\vmware.vscode-spring-boot-1.53.0\language-server\BOOT-INF\lib\antlr4-runtime-4.11.1.jar;c:\Users\tojaman\.vscode\extensions\vmware.vscode-spring-boot-1.53.0\language-server\BOOT-INF\lib\asm-9.6.jar;c:\Users\tojaman\.vscode\extensions\vmware.vscode-spring-boot-1.53.0\language-server\BOOT-INF\lib\asm-analysis-9.6.jar;c:\Users\tojaman\.vscode\extensions\vmware.vscode-spring-boot-1.53.0\language-server\BOOT-INF\lib\asm-tree-9.6.jar;c:\Users\tojaman\.vscode\extensions\vmware.vscode-spring-boot-1.53.0\language-server\BOOT-INF\lib\asm-util-9.6.jar;c:\Users\tojaman\.vscode\extensions\vmware.vscode-spring-boot-1.53.0\language-server\BOOT-INF\lib\caffeine-3.1.8.jar;c:\Users\tojaman\.vscode\extensions\vmware.vscode-spring-boot-1.53.0\language-server\BOOT-INF\lib\checker-qual-3.12.0.jar;c:\Users\tojaman\.vscode\extensions\vmware.vscode-spring-boot-1.53.0\language-server\BOOT-INF\lib\classgraph-4.8.149.jar;c:\Users\tojaman\.vscode\extensions\vmware.vscode-spring-boot-1.53.0\language-server\BOOT-INF\lib\commons-codec-1.16.1.jar;c:\Users\tojaman\.vscode\extensions\vmware.vscode-spring-boot-1.53.0\language-server\BOOT-INF\lib\commons-compress-1.26.0.jar;c:\Users\tojaman\.vscode\extensions\vmware.vscode-spring-boot-1.53.0\language-server\BOOT-INF\lib\commons-io-2.4.jar;c:\Users\tojaman\.vscode\extensions\vmware.vscode-spring-boot-1.53.0\language-server\BOOT-INF\lib\commons-java-1.53.0-SNAPSHOT.jar;c:\Users\tojaman\.vscode\extensions\vmware.vscode-spring-boot-1.53.0\language-server\BOOT-INF\lib\commons-lang3-3.13.0.jar;c:\Users\tojaman\.vscode\extensions\vmware.vscode-spring-boot-1.53.0\language-server\BOOT-INF\lib\commons-language-server-1.53.0-SNAPSHOT.jar;c:\Users\tojaman\.vscode\extensions\vmware.
Launcher Type: SUN_STANDARD

[Global flags]
     intx CICompilerCount                          = 4                                         {product} {ergonomic}
     uint ConcGCThreads                            = 2                                         {product} {ergonomic}
     uint G1ConcRefinementThreads                  = 8                                         {product} {ergonomic}
   size_t G1HeapRegionSize                         = 1048576                                   {product} {ergonomic}
    uintx GCDrainStackTargetSize                   = 64                                        {product} {ergonomic}
     bool HeapDumpOnOutOfMemoryError               = true                                   {manageable} {command line}
   size_t InitialHeapSize                          = 268435456                                 {product} {ergonomic}
   size_t MarkStackSize                            = 4194304                                   {product} {ergonomic}
   size_t MaxHeapSize                              = 1073741824                                {product} {command line}
   size_t MaxNewSize                               = 643825664                                 {product} {ergonomic}
   size_t MinHeapDeltaBytes                        = 1048576                                   {product} {ergonomic}
   size_t MinHeapSize                              = 8388608                                   {product} {ergonomic}
    uintx NonProfiledCodeHeapSize                  = 0                                      {pd product} {ergonomic}
     bool ProfileInterpreter                       = false                                  {pd product} {command line}
    uintx ProfiledCodeHeapSize                     = 0                                      {pd product} {ergonomic}
   size_t SoftMaxHeapSize                          = 1073741824                             {manageable} {ergonomic}
     intx TieredStopAtLevel                        = 1                                         {product} {command line}
     bool UseCompressedClassPointers               = true                           {product lp64_product} {ergonomic}
     bool UseCompressedOops                        = true                           {product lp64_product} {ergonomic}
     bool UseG1GC                                  = true                                      {product} {ergonomic}
     bool UseLargePagesIndividualAllocation        = false                                  {pd product} {ergonomic}

Logging:
Log output configuration:
 #0: stdout all=warning,jni+resolve=off uptime,level,tags
 #1: stderr all=off uptime,level,tags

Environment Variables:
CLASSPATH=.;C:\Program Files (x86)\QuickTime\QTSystem\QTJava.zip
PATH=C:\Program Files\Common Files\Oracle\Java\javapath;C:\WINDOWS\system32;C:\WINDOWS;C:\WINDOWS\System32\Wbem;C:\WINDOWS\System32\WindowsPowerShell\v1.0\;C:\WINDOWS\System32\OpenSSH\;C:\Program Files\Bandizip\;C:\Program Files\Git\cmd;C:\mingw64\bin;C:\Program Files\Microsoft VS Code\bin;C:\Program Files\Docker\Docker\resources\bin;C:\Program Files (x86)\NVIDIA Corporation\PhysX\Common;C:\Program Files (x86)\QuickTime\QTSystem\;C:\WINDOWS\system32;C:\WINDOWS;C:\WINDOWS\System32\Wbem;C:\WINDOWS\System32\WindowsPowerShell\v1.0\;C:\WINDOWS\System32\OpenSSH\;C:\Program Files\PowerShell\7\;C:\Program Files\PowerShell\7-preview\preview;C:\ProgramData\chocolatey\bin;C:\Program Files\nodejs\;C:\Program Files\MySQL\MySQL Shell 8.0\bin\;C:\Users\tojaman\AppData\Local\Microsoft\WindowsApps;C:\Users\\AppData\Local\Programs\Microsoft VS Code\bin;C:\Users\\AppData\Local\afreeca;C:\Program Files\JetBrains\IntelliJ IDEA 2023.2\bin;;C:\Program Files\JetBrains\CLion 2023.2.2\bin;;C:\Users\tojaman\AppData\Roaming\npm
USERNAME=tojaman
OS=Windows_NT
PROCESSOR_IDENTIFIER=AMD64 Family 23 Model 113 Stepping 0, AuthenticAMD
TMP=C:\Users\tojaman\AppData\Local\Temp
TEMP=C:\Users\tojaman\AppData\Local\Temp



Periodic native trim disabled


---------------  S Y S T E M  ---------------

OS:
 Windows 11 , 64 bit Build 22621 (10.0.22621.3235)
OS uptime: 0 days 2:06 hours
Hyper-V role detected

CPU: total 8 (initial active 8) (8 cores per cpu, 2 threads per core) family 23 model 113 stepping 0 microcode 0x0, cx8, cmov, fxsr, ht, mmx, 3dnowpref, sse, sse2, sse3, ssse3, sse4a, sse4.1, sse4.2, popcnt, lzcnt, tsc, tscinvbit, avx, avx2, aes, clmul, bmi1, bmi2, adx, sha, fma, vzeroupper, clflush, clflushopt, hv
Processor Information for all 8 processors :
  Max Mhz: 3800, Current Mhz: 3800, Mhz Limit: 3800

Memory: 4k page, system-wide physical 16334M (500M free)
TotalPageFile size 29418M (AvailPageFile size 5M)
current process WorkingSet (physical memory assigned to process): 85M, peak: 188M
current process commit charge ("private bytes"): 227M, peak: 368M

vm_info: OpenJDK 64-Bit Server VM (17.0.10+7) for windows-amd64 JRE (17.0.10+7), built on Jan 16 2024 23:25:11 by "admin" with MS VC++ 16.10 / 16.11 (VS2019)

END.
